107 : 2020-01-24 18:07:41,239 : INFO : telemetry.main : Attempt start. Configuration directory [/home/hemanta/.azure].
107 : 2020-01-24 18:07:41,239 : INFO : telemetry.check : Positive: The /home/hemanta/.azure/telemetry.txt does not exist.
107 : 2020-01-24 18:07:41,240 : DEBUG : telemetry.note : acquiring lock
107 : 2020-01-24 18:07:41,240 : DEBUG : telemetry.note : acquired lock
107 : 2020-01-24 18:07:41,240 : INFO : telemetry.note : Update the note mtime to 2020-01-24 18:07:41.240286
107 : 2020-01-24 18:07:41,240 : WARNING : telemetry.note : Fail to parse or read the timestamp 'N/A' in the note file. Set the last send time to minimal. Reason: not readable
107 : 2020-01-24 18:07:41,240 : INFO : telemetry.records : No cache to be uploaded.
107 : 2020-01-24 18:07:41,240 : INFO : telemetry.client : Accumulated 0 events. Flush the clients.
107 : 2020-01-24 18:07:41,240 : INFO : telemetry.note : Update the last send in note to 0001-01-01 00:00:00
107 : 2020-01-24 18:07:41,240 : INFO : telemetry.note : Update the note mtime to 2020-01-24 18:07:41.240918
98 : 2020-01-25 09:49:38,987 : INFO : telemetry.main : Attempt start. Configuration directory [/home/hemanta/.azure].
98 : 2020-01-25 09:49:38,990 : INFO : telemetry.check : Returns Positive.
98 : 2020-01-25 09:49:38,990 : DEBUG : telemetry.note : acquiring lock
98 : 2020-01-25 09:49:38,990 : DEBUG : telemetry.note : acquired lock
98 : 2020-01-25 09:49:38,991 : INFO : telemetry.note : Update the note mtime to 2020-01-25 09:49:38.991025
98 : 2020-01-25 09:49:39,001 : WARNING : telemetry.note : Fail to parse or read the timestamp '1-01-01T00:00:00' in the note file. Set the last send time to minimal. Reason: time data '1-01-01T00:00:00' does not match format '%Y-%m-%dT%H:%M:%S'
98 : 2020-01-25 09:49:39,001 : INFO : telemetry.records : No cache to be uploaded.
98 : 2020-01-25 09:49:39,001 : INFO : telemetry.client : Accumulated 0 events. Flush the clients.
98 : 2020-01-25 09:49:39,001 : INFO : telemetry.note : Update the last send in note to 0001-01-01 00:00:00
98 : 2020-01-25 09:49:39,001 : INFO : telemetry.note : Update the note mtime to 2020-01-25 09:49:39.001824
157 : 2020-01-25 11:02:54,802 : INFO : telemetry.main : Attempt start. Configuration directory [/home/hemanta/.azure].
157 : 2020-01-25 11:02:54,802 : INFO : telemetry.check : Returns Positive.
157 : 2020-01-25 11:02:54,802 : DEBUG : telemetry.note : acquiring lock
157 : 2020-01-25 11:02:54,802 : DEBUG : telemetry.note : acquired lock
157 : 2020-01-25 11:02:54,802 : INFO : telemetry.note : Update the note mtime to 2020-01-25 11:02:54.802840
157 : 2020-01-25 11:02:54,804 : WARNING : telemetry.note : Fail to parse or read the timestamp '1-01-01T00:00:00' in the note file. Set the last send time to minimal. Reason: time data '1-01-01T00:00:00' does not match format '%Y-%m-%dT%H:%M:%S'
157 : 2020-01-25 11:02:54,804 : INFO : telemetry.records : No cache to be uploaded.
157 : 2020-01-25 11:02:54,804 : INFO : telemetry.client : Accumulated 0 events. Flush the clients.
157 : 2020-01-25 11:02:54,805 : INFO : telemetry.note : Update the last send in note to 0001-01-01 00:00:00
157 : 2020-01-25 11:02:54,805 : INFO : telemetry.note : Update the note mtime to 2020-01-25 11:02:54.805216
95 : 2020-01-25 15:27:05,346 : INFO : telemetry.main : Attempt start. Configuration directory [/home/hemanta/.azure].
95 : 2020-01-25 15:27:05,355 : INFO : telemetry.check : Returns Positive.
95 : 2020-01-25 15:27:05,355 : DEBUG : telemetry.note : acquiring lock
95 : 2020-01-25 15:27:05,356 : DEBUG : telemetry.note : acquired lock
95 : 2020-01-25 15:27:05,356 : INFO : telemetry.note : Update the note mtime to 2020-01-25 15:27:05.356156
95 : 2020-01-25 15:27:05,379 : WARNING : telemetry.note : Fail to parse or read the timestamp '1-01-01T00:00:00' in the note file. Set the last send time to minimal. Reason: time data '1-01-01T00:00:00' does not match format '%Y-%m-%dT%H:%M:%S'
95 : 2020-01-25 15:27:05,379 : INFO : telemetry.records : No cache to be uploaded.
95 : 2020-01-25 15:27:05,379 : INFO : telemetry.client : Accumulated 0 events. Flush the clients.
95 : 2020-01-25 15:27:05,380 : INFO : telemetry.note : Update the last send in note to 0001-01-01 00:00:00
95 : 2020-01-25 15:27:05,380 : INFO : telemetry.note : Update the note mtime to 2020-01-25 15:27:05.380366
97 : 2020-01-26 02:45:18,361 : INFO : telemetry.main : Attempt start. Configuration directory [/home/hemanta/.azure].
97 : 2020-01-26 02:45:18,379 : INFO : telemetry.check : Returns Positive.
97 : 2020-01-26 02:45:18,379 : DEBUG : telemetry.note : acquiring lock
97 : 2020-01-26 02:45:18,379 : DEBUG : telemetry.note : acquired lock
97 : 2020-01-26 02:45:18,380 : INFO : telemetry.note : Update the note mtime to 2020-01-26 02:45:18.380083
97 : 2020-01-26 02:45:18,389 : WARNING : telemetry.note : Fail to parse or read the timestamp '1-01-01T00:00:00' in the note file. Set the last send time to minimal. Reason: time data '1-01-01T00:00:00' does not match format '%Y-%m-%dT%H:%M:%S'
97 : 2020-01-26 02:45:18,389 : INFO : telemetry.records : No cache to be uploaded.
97 : 2020-01-26 02:45:18,389 : INFO : telemetry.client : Accumulated 0 events. Flush the clients.
97 : 2020-01-26 02:45:18,390 : INFO : telemetry.note : Update the last send in note to 0001-01-01 00:00:00
97 : 2020-01-26 02:45:18,390 : INFO : telemetry.note : Update the note mtime to 2020-01-26 02:45:18.390134
95 : 2020-01-26 06:46:14,483 : INFO : telemetry.main : Attempt start. Configuration directory [/home/hemanta/.azure].
95 : 2020-01-26 06:46:14,542 : INFO : telemetry.check : Returns Positive.
95 : 2020-01-26 06:46:14,542 : DEBUG : telemetry.note : acquiring lock
95 : 2020-01-26 06:46:14,543 : DEBUG : telemetry.note : acquired lock
95 : 2020-01-26 06:46:14,543 : INFO : telemetry.note : Update the note mtime to 2020-01-26 06:46:14.543200
95 : 2020-01-26 06:46:14,549 : WARNING : telemetry.note : Fail to parse or read the timestamp '1-01-01T00:00:00' in the note file. Set the last send time to minimal. Reason: time data '1-01-01T00:00:00' does not match format '%Y-%m-%dT%H:%M:%S'
95 : 2020-01-26 06:46:14,550 : INFO : telemetry.records : No cache to be uploaded.
95 : 2020-01-26 06:46:14,550 : INFO : telemetry.client : Accumulated 0 events. Flush the clients.
95 : 2020-01-26 06:46:14,550 : INFO : telemetry.note : Update the last send in note to 0001-01-01 00:00:00
95 : 2020-01-26 06:46:14,550 : INFO : telemetry.note : Update the note mtime to 2020-01-26 06:46:14.550503
97 : 2020-01-26 10:13:47,141 : INFO : telemetry.main : Attempt start. Configuration directory [/home/hemanta/.azure].
97 : 2020-01-26 10:13:47,144 : INFO : telemetry.check : Returns Positive.
97 : 2020-01-26 10:13:47,144 : DEBUG : telemetry.note : acquiring lock
97 : 2020-01-26 10:13:47,145 : DEBUG : telemetry.note : acquired lock
97 : 2020-01-26 10:13:47,145 : INFO : telemetry.note : Update the note mtime to 2020-01-26 10:13:47.145194
97 : 2020-01-26 10:13:47,162 : WARNING : telemetry.note : Fail to parse or read the timestamp '1-01-01T00:00:00' in the note file. Set the last send time to minimal. Reason: time data '1-01-01T00:00:00' does not match format '%Y-%m-%dT%H:%M:%S'
97 : 2020-01-26 10:13:47,162 : INFO : telemetry.records : No cache to be uploaded.
97 : 2020-01-26 10:13:47,162 : INFO : telemetry.client : Accumulated 0 events. Flush the clients.
97 : 2020-01-26 10:13:47,162 : INFO : telemetry.note : Update the last send in note to 0001-01-01 00:00:00
97 : 2020-01-26 10:13:47,162 : INFO : telemetry.note : Update the note mtime to 2020-01-26 10:13:47.162752
98 : 2020-01-26 11:20:23,018 : INFO : telemetry.main : Attempt start. Configuration directory [/home/hemanta/.azure].
98 : 2020-01-26 11:20:23,075 : INFO : telemetry.check : Returns Positive.
98 : 2020-01-26 11:20:23,075 : DEBUG : telemetry.note : acquiring lock
98 : 2020-01-26 11:20:23,075 : DEBUG : telemetry.note : acquired lock
98 : 2020-01-26 11:20:23,075 : INFO : telemetry.note : Update the note mtime to 2020-01-26 11:20:23.075760
98 : 2020-01-26 11:20:23,108 : WARNING : telemetry.note : Fail to parse or read the timestamp '1-01-01T00:00:00' in the note file. Set the last send time to minimal. Reason: time data '1-01-01T00:00:00' does not match format '%Y-%m-%dT%H:%M:%S'
98 : 2020-01-26 11:20:23,108 : INFO : telemetry.records : No cache to be uploaded.
98 : 2020-01-26 11:20:23,108 : INFO : telemetry.client : Accumulated 0 events. Flush the clients.
98 : 2020-01-26 11:20:23,108 : INFO : telemetry.note : Update the last send in note to 0001-01-01 00:00:00
98 : 2020-01-26 11:20:23,109 : INFO : telemetry.note : Update the note mtime to 2020-01-26 11:20:23.109006
191 : 2020-01-26 11:47:00,451 : INFO : telemetry.main : Attempt start. Configuration directory [/home/hemanta/.azure].
191 : 2020-01-26 11:47:00,451 : INFO : telemetry.check : Returns Positive.
191 : 2020-01-26 11:47:00,451 : DEBUG : telemetry.note : acquiring lock
191 : 2020-01-26 11:47:00,452 : DEBUG : telemetry.note : acquired lock
191 : 2020-01-26 11:47:00,452 : INFO : telemetry.note : Update the note mtime to 2020-01-26 11:47:00.452189
191 : 2020-01-26 11:47:00,454 : WARNING : telemetry.note : Fail to parse or read the timestamp '1-01-01T00:00:00' in the note file. Set the last send time to minimal. Reason: time data '1-01-01T00:00:00' does not match format '%Y-%m-%dT%H:%M:%S'
191 : 2020-01-26 11:47:00,454 : INFO : telemetry.records : No cache to be uploaded.
191 : 2020-01-26 11:47:00,454 : INFO : telemetry.client : Accumulated 0 events. Flush the clients.
191 : 2020-01-26 11:47:00,455 : INFO : telemetry.note : Update the last send in note to 0001-01-01 00:00:00
191 : 2020-01-26 11:47:00,455 : INFO : telemetry.note : Update the note mtime to 2020-01-26 11:47:00.455249
295 : 2020-01-26 12:47:14,049 : INFO : telemetry.main : Attempt start. Configuration directory [/home/hemanta/.azure].
295 : 2020-01-26 12:47:14,049 : INFO : telemetry.check : Returns Positive.
295 : 2020-01-26 12:47:14,049 : DEBUG : telemetry.note : acquiring lock
295 : 2020-01-26 12:47:14,050 : DEBUG : telemetry.note : acquired lock
295 : 2020-01-26 12:47:14,050 : INFO : telemetry.note : Update the note mtime to 2020-01-26 12:47:14.050092
295 : 2020-01-26 12:47:14,052 : WARNING : telemetry.note : Fail to parse or read the timestamp '1-01-01T00:00:00' in the note file. Set the last send time to minimal. Reason: time data '1-01-01T00:00:00' does not match format '%Y-%m-%dT%H:%M:%S'
295 : 2020-01-26 12:47:14,053 : INFO : telemetry.records : No cache to be uploaded.
295 : 2020-01-26 12:47:14,053 : INFO : telemetry.client : Accumulated 0 events. Flush the clients.
295 : 2020-01-26 12:47:14,053 : INFO : telemetry.note : Update the last send in note to 0001-01-01 00:00:00
295 : 2020-01-26 12:47:14,053 : INFO : telemetry.note : Update the note mtime to 2020-01-26 12:47:14.053573
97 : 2020-01-26 16:18:08,335 : INFO : telemetry.main : Attempt start. Configuration directory [/home/hemanta/.azure].
97 : 2020-01-26 16:18:08,394 : INFO : telemetry.check : Returns Positive.
97 : 2020-01-26 16:18:08,394 : DEBUG : telemetry.note : acquiring lock
97 : 2020-01-26 16:18:08,394 : DEBUG : telemetry.note : acquired lock
97 : 2020-01-26 16:18:08,395 : INFO : telemetry.note : Update the note mtime to 2020-01-26 16:18:08.395086
97 : 2020-01-26 16:18:08,413 : WARNING : telemetry.note : Fail to parse or read the timestamp '1-01-01T00:00:00' in the note file. Set the last send time to minimal. Reason: time data '1-01-01T00:00:00' does not match format '%Y-%m-%dT%H:%M:%S'
97 : 2020-01-26 16:18:08,413 : INFO : telemetry.records : No cache to be uploaded.
97 : 2020-01-26 16:18:08,413 : INFO : telemetry.client : Accumulated 0 events. Flush the clients.
97 : 2020-01-26 16:18:08,413 : INFO : telemetry.note : Update the last send in note to 0001-01-01 00:00:00
97 : 2020-01-26 16:18:08,413 : INFO : telemetry.note : Update the note mtime to 2020-01-26 16:18:08.413808
97 : 2020-01-26 19:36:50,363 : INFO : telemetry.main : Attempt start. Configuration directory [/home/hemanta/.azure].
97 : 2020-01-26 19:36:50,366 : INFO : telemetry.check : Returns Positive.
97 : 2020-01-26 19:36:50,366 : DEBUG : telemetry.note : acquiring lock
97 : 2020-01-26 19:36:50,366 : DEBUG : telemetry.note : acquired lock
97 : 2020-01-26 19:36:50,367 : INFO : telemetry.note : Update the note mtime to 2020-01-26 19:36:50.367007
97 : 2020-01-26 19:36:50,422 : WARNING : telemetry.note : Fail to parse or read the timestamp '1-01-01T00:00:00' in the note file. Set the last send time to minimal. Reason: time data '1-01-01T00:00:00' does not match format '%Y-%m-%dT%H:%M:%S'
97 : 2020-01-26 19:36:50,422 : INFO : telemetry.records : No cache to be uploaded.
97 : 2020-01-26 19:36:50,422 : INFO : telemetry.client : Accumulated 0 events. Flush the clients.
97 : 2020-01-26 19:36:50,423 : INFO : telemetry.note : Update the last send in note to 0001-01-01 00:00:00
97 : 2020-01-26 19:36:50,423 : INFO : telemetry.note : Update the note mtime to 2020-01-26 19:36:50.423119
94 : 2020-01-26 22:59:29,012 : INFO : telemetry.main : Attempt start. Configuration directory [/home/hemanta/.azure].
94 : 2020-01-26 22:59:29,122 : INFO : telemetry.check : Returns Positive.
94 : 2020-01-26 22:59:29,122 : DEBUG : telemetry.note : acquiring lock
94 : 2020-01-26 22:59:29,122 : DEBUG : telemetry.note : acquired lock
94 : 2020-01-26 22:59:29,122 : INFO : telemetry.note : Update the note mtime to 2020-01-26 22:59:29.122828
94 : 2020-01-26 22:59:29,144 : WARNING : telemetry.note : Fail to parse or read the timestamp '1-01-01T00:00:00' in the note file. Set the last send time to minimal. Reason: time data '1-01-01T00:00:00' does not match format '%Y-%m-%dT%H:%M:%S'
94 : 2020-01-26 22:59:29,144 : INFO : telemetry.records : No cache to be uploaded.
94 : 2020-01-26 22:59:29,144 : INFO : telemetry.client : Accumulated 0 events. Flush the clients.
94 : 2020-01-26 22:59:29,145 : INFO : telemetry.note : Update the last send in note to 0001-01-01 00:00:00
94 : 2020-01-26 22:59:29,145 : INFO : telemetry.note : Update the note mtime to 2020-01-26 22:59:29.145357
96 : 2020-01-27 00:51:32,002 : INFO : telemetry.main : Attempt start. Configuration directory [/home/hemanta/.azure].
96 : 2020-01-27 00:51:32,013 : INFO : telemetry.check : Returns Positive.
96 : 2020-01-27 00:51:32,013 : DEBUG : telemetry.note : acquiring lock
96 : 2020-01-27 00:51:32,013 : DEBUG : telemetry.note : acquired lock
96 : 2020-01-27 00:51:32,013 : INFO : telemetry.note : Update the note mtime to 2020-01-27 00:51:32.013761
96 : 2020-01-27 00:51:32,022 : WARNING : telemetry.note : Fail to parse or read the timestamp '1-01-01T00:00:00' in the note file. Set the last send time to minimal. Reason: time data '1-01-01T00:00:00' does not match format '%Y-%m-%dT%H:%M:%S'
96 : 2020-01-27 00:51:32,022 : INFO : telemetry.records : No cache to be uploaded.
96 : 2020-01-27 00:51:32,022 : INFO : telemetry.client : Accumulated 0 events. Flush the clients.
96 : 2020-01-27 00:51:32,022 : INFO : telemetry.note : Update the last send in note to 0001-01-01 00:00:00
96 : 2020-01-27 00:51:32,022 : INFO : telemetry.note : Update the note mtime to 2020-01-27 00:51:32.022945
97 : 2020-01-27 04:30:52,550 : INFO : telemetry.main : Attempt start. Configuration directory [/home/hemanta/.azure].
97 : 2020-01-27 04:30:52,576 : INFO : telemetry.check : Returns Positive.
97 : 2020-01-27 04:30:52,576 : DEBUG : telemetry.note : acquiring lock
97 : 2020-01-27 04:30:52,576 : DEBUG : telemetry.note : acquired lock
97 : 2020-01-27 04:30:52,576 : INFO : telemetry.note : Update the note mtime to 2020-01-27 04:30:52.576871
97 : 2020-01-27 04:30:52,609 : WARNING : telemetry.note : Fail to parse or read the timestamp '1-01-01T00:00:00' in the note file. Set the last send time to minimal. Reason: time data '1-01-01T00:00:00' does not match format '%Y-%m-%dT%H:%M:%S'
97 : 2020-01-27 04:30:52,609 : INFO : telemetry.records : No cache to be uploaded.
97 : 2020-01-27 04:30:52,609 : INFO : telemetry.client : Accumulated 0 events. Flush the clients.
97 : 2020-01-27 04:30:52,610 : INFO : telemetry.note : Update the last send in note to 0001-01-01 00:00:00
97 : 2020-01-27 04:30:52,610 : INFO : telemetry.note : Update the note mtime to 2020-01-27 04:30:52.610288
96 : 2020-01-27 05:27:10,282 : INFO : telemetry.main : Attempt start. Configuration directory [/home/hemanta/.azure].
96 : 2020-01-27 05:27:10,371 : INFO : telemetry.check : Returns Positive.
96 : 2020-01-27 05:27:10,371 : DEBUG : telemetry.note : acquiring lock
96 : 2020-01-27 05:27:10,371 : DEBUG : telemetry.note : acquired lock
96 : 2020-01-27 05:27:10,371 : INFO : telemetry.note : Update the note mtime to 2020-01-27 05:27:10.371589
96 : 2020-01-27 05:27:10,401 : WARNING : telemetry.note : Fail to parse or read the timestamp '1-01-01T00:00:00' in the note file. Set the last send time to minimal. Reason: time data '1-01-01T00:00:00' does not match format '%Y-%m-%dT%H:%M:%S'
96 : 2020-01-27 05:27:10,402 : INFO : telemetry.records : No cache to be uploaded.
96 : 2020-01-27 05:27:10,402 : INFO : telemetry.client : Accumulated 0 events. Flush the clients.
96 : 2020-01-27 05:27:10,402 : INFO : telemetry.note : Update the last send in note to 0001-01-01 00:00:00
96 : 2020-01-27 05:27:10,402 : INFO : telemetry.note : Update the note mtime to 2020-01-27 05:27:10.402477
97 : 2020-01-27 14:40:49,180 : INFO : telemetry.main : Attempt start. Configuration directory [/home/hemanta/.azure].
97 : 2020-01-27 14:40:49,295 : INFO : telemetry.check : Returns Positive.
97 : 2020-01-27 14:40:49,296 : DEBUG : telemetry.note : acquiring lock
97 : 2020-01-27 14:40:49,296 : DEBUG : telemetry.note : acquired lock
97 : 2020-01-27 14:40:49,296 : INFO : telemetry.note : Update the note mtime to 2020-01-27 14:40:49.296324
97 : 2020-01-27 14:40:49,315 : WARNING : telemetry.note : Fail to parse or read the timestamp '1-01-01T00:00:00' in the note file. Set the last send time to minimal. Reason: time data '1-01-01T00:00:00' does not match format '%Y-%m-%dT%H:%M:%S'
97 : 2020-01-27 14:40:49,315 : INFO : telemetry.records : No cache to be uploaded.
97 : 2020-01-27 14:40:49,315 : INFO : telemetry.client : Accumulated 0 events. Flush the clients.
97 : 2020-01-27 14:40:49,316 : INFO : telemetry.note : Update the last send in note to 0001-01-01 00:00:00
97 : 2020-01-27 14:40:49,316 : INFO : telemetry.note : Update the note mtime to 2020-01-27 14:40:49.316271
97 : 2020-01-27 15:58:46,461 : INFO : telemetry.main : Attempt start. Configuration directory [/home/hemanta/.azure].
113 : 2020-01-27 15:58:47,441 : INFO : telemetry.main : Attempt start. Configuration directory [/home/hemanta/.azure].
113 : 2020-01-27 15:59:07,613 : INFO : telemetry.check : Returns Positive.
97 : 2020-01-27 15:59:07,613 : INFO : telemetry.check : Returns Positive.
113 : 2020-01-27 15:59:07,613 : DEBUG : telemetry.note : acquiring lock
97 : 2020-01-27 15:59:07,613 : DEBUG : telemetry.note : acquiring lock
113 : 2020-01-27 15:59:07,614 : DEBUG : telemetry.note : acquired lock
113 : 2020-01-27 15:59:07,614 : INFO : telemetry.note : Update the note mtime to 2020-01-27 15:59:07.614285
113 : 2020-01-27 15:59:07,701 : WARNING : telemetry.note : Fail to parse or read the timestamp '1-01-01T00:00:00' in the note file. Set the last send time to minimal. Reason: time data '1-01-01T00:00:00' does not match format '%Y-%m-%dT%H:%M:%S'
113 : 2020-01-27 15:59:07,701 : INFO : telemetry.records : No cache to be uploaded.
113 : 2020-01-27 15:59:07,702 : INFO : telemetry.client : Accumulated 0 events. Flush the clients.
113 : 2020-01-27 15:59:07,702 : INFO : telemetry.note : Update the last send in note to 0001-01-01 00:00:00
113 : 2020-01-27 15:59:07,702 : INFO : telemetry.note : Update the note mtime to 2020-01-27 15:59:07.702525
97 : 2020-01-27 15:59:07,864 : INFO : telemetry.main : Lock out from note file under /home/hemanta/.azure which means another process is running. Exit 0.
97 : 2020-01-29 13:53:17,105 : INFO : telemetry.main : Attempt start. Configuration directory [/home/hemanta/.azure].
113 : 2020-01-29 13:53:17,981 : INFO : telemetry.main : Attempt start. Configuration directory [/home/hemanta/.azure].
113 : 2020-01-29 13:53:18,234 : INFO : telemetry.check : Returns Positive.
97 : 2020-01-29 13:53:18,234 : INFO : telemetry.check : Returns Positive.
113 : 2020-01-29 13:53:18,235 : DEBUG : telemetry.note : acquiring lock
97 : 2020-01-29 13:53:18,235 : DEBUG : telemetry.note : acquiring lock
113 : 2020-01-29 13:53:18,235 : DEBUG : telemetry.note : acquired lock
113 : 2020-01-29 13:53:18,235 : INFO : telemetry.note : Update the note mtime to 2020-01-29 13:53:18.235287
113 : 2020-01-29 13:53:18,259 : WARNING : telemetry.note : Fail to parse or read the timestamp '1-01-01T00:00:00' in the note file. Set the last send time to minimal. Reason: time data '1-01-01T00:00:00' does not match format '%Y-%m-%dT%H:%M:%S'
113 : 2020-01-29 13:53:18,259 : INFO : telemetry.records : No cache to be uploaded.
113 : 2020-01-29 13:53:18,259 : INFO : telemetry.client : Accumulated 0 events. Flush the clients.
113 : 2020-01-29 13:53:18,259 : INFO : telemetry.note : Update the last send in note to 0001-01-01 00:00:00
113 : 2020-01-29 13:53:18,260 : INFO : telemetry.note : Update the note mtime to 2020-01-29 13:53:18.260081
97 : 2020-01-29 13:53:18,485 : INFO : telemetry.main : Lock out from note file under /home/hemanta/.azure which means another process is running. Exit 0.
323 : 2020-01-29 15:17:23,241 : INFO : telemetry.main : Attempt start. Configuration directory [/home/hemanta/.azure].
323 : 2020-01-29 15:17:23,241 : INFO : telemetry.check : Returns Positive.
323 : 2020-01-29 15:17:23,241 : DEBUG : telemetry.note : acquiring lock
323 : 2020-01-29 15:17:23,241 : DEBUG : telemetry.note : acquired lock
323 : 2020-01-29 15:17:23,242 : INFO : telemetry.note : Update the note mtime to 2020-01-29 15:17:23.242054
323 : 2020-01-29 15:17:23,244 : WARNING : telemetry.note : Fail to parse or read the timestamp '1-01-01T00:00:00' in the note file. Set the last send time to minimal. Reason: time data '1-01-01T00:00:00' does not match format '%Y-%m-%dT%H:%M:%S'
323 : 2020-01-29 15:17:23,245 : INFO : telemetry.records : No cache to be uploaded.
323 : 2020-01-29 15:17:23,245 : INFO : telemetry.client : Accumulated 0 events. Flush the clients.
323 : 2020-01-29 15:17:23,250 : INFO : telemetry.note : Update the last send in note to 0001-01-01 00:00:00
323 : 2020-01-29 15:17:23,250 : INFO : telemetry.note : Update the note mtime to 2020-01-29 15:17:23.250228
97 : 2020-02-01 06:27:26,864 : INFO : telemetry.main : Attempt start. Configuration directory [/home/hemanta/.azure].
97 : 2020-02-01 06:27:27,130 : INFO : telemetry.check : Returns Positive.
97 : 2020-02-01 06:27:27,130 : DEBUG : telemetry.note : acquiring lock
97 : 2020-02-01 06:27:27,131 : DEBUG : telemetry.note : acquired lock
97 : 2020-02-01 06:27:27,131 : INFO : telemetry.note : Update the note mtime to 2020-02-01 06:27:27.131157
97 : 2020-02-01 06:27:27,217 : WARNING : telemetry.note : Fail to parse or read the timestamp '1-01-01T00:00:00' in the note file. Set the last send time to minimal. Reason: time data '1-01-01T00:00:00' does not match format '%Y-%m-%dT%H:%M:%S'
97 : 2020-02-01 06:27:27,217 : INFO : telemetry.records : No cache to be uploaded.
97 : 2020-02-01 06:27:27,218 : INFO : telemetry.client : Accumulated 0 events. Flush the clients.
97 : 2020-02-01 06:27:27,218 : INFO : telemetry.note : Update the last send in note to 0001-01-01 00:00:00
97 : 2020-02-01 06:27:27,218 : INFO : telemetry.note : Update the note mtime to 2020-02-01 06:27:27.218493
97 : 2020-02-04 03:22:02,600 : INFO : telemetry.main : Attempt start. Configuration directory [/home/hemanta/.azure].
97 : 2020-02-04 03:22:02,899 : INFO : telemetry.check : Returns Positive.
97 : 2020-02-04 03:22:02,900 : DEBUG : telemetry.note : acquiring lock
97 : 2020-02-04 03:22:02,900 : DEBUG : telemetry.note : acquired lock
97 : 2020-02-04 03:22:02,900 : INFO : telemetry.note : Update the note mtime to 2020-02-04 03:22:02.900301
97 : 2020-02-04 03:22:02,906 : WARNING : telemetry.note : Fail to parse or read the timestamp '1-01-01T00:00:00' in the note file. Set the last send time to minimal. Reason: time data '1-01-01T00:00:00' does not match format '%Y-%m-%dT%H:%M:%S'
97 : 2020-02-04 03:22:02,907 : INFO : telemetry.records : No cache to be uploaded.
97 : 2020-02-04 03:22:02,907 : INFO : telemetry.client : Accumulated 0 events. Flush the clients.
97 : 2020-02-04 03:22:02,907 : INFO : telemetry.note : Update the last send in note to 0001-01-01 00:00:00
97 : 2020-02-04 03:22:02,907 : INFO : telemetry.note : Update the note mtime to 2020-02-04 03:22:02.907558
97 : 2020-02-04 03:51:10,749 : INFO : telemetry.main : Attempt start. Configuration directory [/home/hemanta/.azure].
97 : 2020-02-04 03:51:10,967 : INFO : telemetry.check : Returns Positive.
97 : 2020-02-04 03:51:10,967 : DEBUG : telemetry.note : acquiring lock
97 : 2020-02-04 03:51:10,968 : DEBUG : telemetry.note : acquired lock
97 : 2020-02-04 03:51:10,968 : INFO : telemetry.note : Update the note mtime to 2020-02-04 03:51:10.968278
97 : 2020-02-04 03:51:10,974 : WARNING : telemetry.note : Fail to parse or read the timestamp '1-01-01T00:00:00' in the note file. Set the last send time to minimal. Reason: time data '1-01-01T00:00:00' does not match format '%Y-%m-%dT%H:%M:%S'
97 : 2020-02-04 03:51:10,974 : INFO : telemetry.records : No cache to be uploaded.
97 : 2020-02-04 03:51:10,974 : INFO : telemetry.client : Accumulated 0 events. Flush the clients.
97 : 2020-02-04 03:51:10,975 : INFO : telemetry.note : Update the last send in note to 0001-01-01 00:00:00
97 : 2020-02-04 03:51:10,975 : INFO : telemetry.note : Update the note mtime to 2020-02-04 03:51:10.975337
97 : 2020-02-04 15:44:34,808 : INFO : telemetry.main : Attempt start. Configuration directory [/home/hemanta/.azure].
97 : 2020-02-04 15:44:34,814 : INFO : telemetry.check : Returns Positive.
97 : 2020-02-04 15:44:34,815 : DEBUG : telemetry.note : acquiring lock
97 : 2020-02-04 15:44:34,815 : DEBUG : telemetry.note : acquired lock
97 : 2020-02-04 15:44:34,815 : INFO : telemetry.note : Update the note mtime to 2020-02-04 15:44:34.815349
97 : 2020-02-04 15:44:34,840 : WARNING : telemetry.note : Fail to parse or read the timestamp '1-01-01T00:00:00' in the note file. Set the last send time to minimal. Reason: time data '1-01-01T00:00:00' does not match format '%Y-%m-%dT%H:%M:%S'
97 : 2020-02-04 15:44:34,841 : INFO : telemetry.records : No cache to be uploaded.
97 : 2020-02-04 15:44:34,841 : INFO : telemetry.client : Accumulated 0 events. Flush the clients.
97 : 2020-02-04 15:44:34,841 : INFO : telemetry.note : Update the last send in note to 0001-01-01 00:00:00
97 : 2020-02-04 15:44:34,841 : INFO : telemetry.note : Update the note mtime to 2020-02-04 15:44:34.841445
96 : 2020-02-05 03:16:49,244 : INFO : telemetry.main : Attempt start. Configuration directory [/home/hemanta/.azure].
96 : 2020-02-05 03:16:49,349 : INFO : telemetry.check : Returns Positive.
96 : 2020-02-05 03:16:49,349 : DEBUG : telemetry.note : acquiring lock
96 : 2020-02-05 03:16:49,349 : DEBUG : telemetry.note : acquired lock
96 : 2020-02-05 03:16:49,349 : INFO : telemetry.note : Update the note mtime to 2020-02-05 03:16:49.349569
96 : 2020-02-05 03:16:49,367 : WARNING : telemetry.note : Fail to parse or read the timestamp '1-01-01T00:00:00' in the note file. Set the last send time to minimal. Reason: time data '1-01-01T00:00:00' does not match format '%Y-%m-%dT%H:%M:%S'
96 : 2020-02-05 03:16:49,367 : INFO : telemetry.records : No cache to be uploaded.
96 : 2020-02-05 03:16:49,367 : INFO : telemetry.client : Accumulated 0 events. Flush the clients.
96 : 2020-02-05 03:16:49,367 : INFO : telemetry.note : Update the last send in note to 0001-01-01 00:00:00
96 : 2020-02-05 03:16:49,368 : INFO : telemetry.note : Update the note mtime to 2020-02-05 03:16:49.368001
108 : 2020-02-05 03:40:01,910 : INFO : telemetry.main : Attempt start. Configuration directory [/home/hemanta/.azure].
108 : 2020-02-05 03:40:01,973 : INFO : telemetry.check : Returns Positive.
108 : 2020-02-05 03:40:01,974 : DEBUG : telemetry.note : acquiring lock
108 : 2020-02-05 03:40:01,974 : DEBUG : telemetry.note : acquired lock
108 : 2020-02-05 03:40:01,974 : INFO : telemetry.note : Update the note mtime to 2020-02-05 03:40:01.974396
108 : 2020-02-05 03:40:01,991 : WARNING : telemetry.note : Fail to parse or read the timestamp '1-01-01T00:00:00' in the note file. Set the last send time to minimal. Reason: time data '1-01-01T00:00:00' does not match format '%Y-%m-%dT%H:%M:%S'
108 : 2020-02-05 03:40:01,991 : INFO : telemetry.records : 1 cache files to move.
108 : 2020-02-05 03:40:01,991 : INFO : telemetry.records : Create temp folder /tmp/tmp5ybh97uj
108 : 2020-02-05 03:40:01,992 : WARNING : telemetry.records : Fail to move file from /home/hemanta/.azure/telemetry/cache.1 to /tmp/tmp5ybh97uj/cache.1. Reason: [Errno 18] Invalid cross-device link: '/home/hemanta/.azure/telemetry/cache.1' -> '/tmp/tmp5ybh97uj/cache.1'.
108 : 2020-02-05 03:40:01,992 : INFO : telemetry.records : Remove directory /tmp/tmp5ybh97uj
108 : 2020-02-05 03:40:01,992 : INFO : telemetry.client : Accumulated 0 events. Flush the clients.
108 : 2020-02-05 03:40:01,992 : INFO : telemetry.note : Update the last send in note to 0001-01-01 00:00:00
108 : 2020-02-05 03:40:01,992 : INFO : telemetry.note : Update the note mtime to 2020-02-05 03:40:01.992692
97 : 2020-02-05 06:27:22,725 : INFO : telemetry.main : Attempt start. Configuration directory [/home/hemanta/.azure].
97 : 2020-02-05 06:27:22,769 : INFO : telemetry.check : Returns Positive.
97 : 2020-02-05 06:27:22,769 : DEBUG : telemetry.note : acquiring lock
97 : 2020-02-05 06:27:22,770 : DEBUG : telemetry.note : acquired lock
97 : 2020-02-05 06:27:22,770 : INFO : telemetry.note : Update the note mtime to 2020-02-05 06:27:22.770183
97 : 2020-02-05 06:27:22,788 : WARNING : telemetry.note : Fail to parse or read the timestamp '1-01-01T00:00:00' in the note file. Set the last send time to minimal. Reason: time data '1-01-01T00:00:00' does not match format '%Y-%m-%dT%H:%M:%S'
97 : 2020-02-05 06:27:22,790 : INFO : telemetry.records : 1 cache files to move.
97 : 2020-02-05 06:27:22,790 : INFO : telemetry.records : Create temp folder /tmp/tmp_eodnj26
97 : 2020-02-05 06:27:22,790 : WARNING : telemetry.records : Fail to move file from /home/hemanta/.azure/telemetry/cache.1 to /tmp/tmp_eodnj26/cache.1. Reason: [Errno 18] Invalid cross-device link: '/home/hemanta/.azure/telemetry/cache.1' -> '/tmp/tmp_eodnj26/cache.1'.
97 : 2020-02-05 06:27:22,791 : INFO : telemetry.records : Remove directory /tmp/tmp_eodnj26
97 : 2020-02-05 06:27:22,791 : INFO : telemetry.client : Accumulated 0 events. Flush the clients.
97 : 2020-02-05 06:27:22,791 : INFO : telemetry.note : Update the last send in note to 0001-01-01 00:00:00
97 : 2020-02-05 06:27:22,791 : INFO : telemetry.note : Update the note mtime to 2020-02-05 06:27:22.791422
97 : 2020-02-05 13:15:05,209 : INFO : telemetry.main : Attempt start. Configuration directory [/home/hemanta/.azure].
97 : 2020-02-05 13:15:05,451 : INFO : telemetry.check : Returns Positive.
97 : 2020-02-05 13:15:05,451 : DEBUG : telemetry.note : acquiring lock
97 : 2020-02-05 13:15:05,451 : DEBUG : telemetry.note : acquired lock
97 : 2020-02-05 13:15:05,451 : INFO : telemetry.note : Update the note mtime to 2020-02-05 13:15:05.451644
97 : 2020-02-05 13:15:05,458 : WARNING : telemetry.note : Fail to parse or read the timestamp '1-01-01T00:00:00' in the note file. Set the last send time to minimal. Reason: time data '1-01-01T00:00:00' does not match format '%Y-%m-%dT%H:%M:%S'
97 : 2020-02-05 13:15:05,459 : INFO : telemetry.records : 1 cache files to move.
97 : 2020-02-05 13:15:05,459 : INFO : telemetry.records : Create temp folder /tmp/tmpi1utpo1l
97 : 2020-02-05 13:15:05,459 : WARNING : telemetry.records : Fail to move file from /home/hemanta/.azure/telemetry/cache.1 to /tmp/tmpi1utpo1l/cache.1. Reason: [Errno 18] Invalid cross-device link: '/home/hemanta/.azure/telemetry/cache.1' -> '/tmp/tmpi1utpo1l/cache.1'.
97 : 2020-02-05 13:15:05,459 : INFO : telemetry.records : Remove directory /tmp/tmpi1utpo1l
97 : 2020-02-05 13:15:05,459 : INFO : telemetry.client : Accumulated 0 events. Flush the clients.
97 : 2020-02-05 13:15:05,459 : INFO : telemetry.note : Update the last send in note to 0001-01-01 00:00:00
97 : 2020-02-05 13:15:05,459 : INFO : telemetry.note : Update the note mtime to 2020-02-05 13:15:05.459963
94 : 2020-02-05 15:40:22,208 : INFO : telemetry.main : Attempt start. Configuration directory [/home/hemanta/.azure].
94 : 2020-02-05 15:40:22,413 : INFO : telemetry.check : Returns Positive.
94 : 2020-02-05 15:40:22,414 : DEBUG : telemetry.note : acquiring lock
94 : 2020-02-05 15:40:22,414 : DEBUG : telemetry.note : acquired lock
94 : 2020-02-05 15:40:22,414 : INFO : telemetry.note : Update the note mtime to 2020-02-05 15:40:22.414326
94 : 2020-02-05 15:40:22,443 : WARNING : telemetry.note : Fail to parse or read the timestamp '1-01-01T00:00:00' in the note file. Set the last send time to minimal. Reason: time data '1-01-01T00:00:00' does not match format '%Y-%m-%dT%H:%M:%S'
94 : 2020-02-05 15:40:22,444 : INFO : telemetry.records : 1 cache files to move.
94 : 2020-02-05 15:40:22,444 : INFO : telemetry.records : Create temp folder /tmp/tmplyl2blzx
94 : 2020-02-05 15:40:22,444 : WARNING : telemetry.records : Fail to move file from /home/hemanta/.azure/telemetry/cache.1 to /tmp/tmplyl2blzx/cache.1. Reason: [Errno 18] Invalid cross-device link: '/home/hemanta/.azure/telemetry/cache.1' -> '/tmp/tmplyl2blzx/cache.1'.
94 : 2020-02-05 15:40:22,444 : INFO : telemetry.records : Remove directory /tmp/tmplyl2blzx
94 : 2020-02-05 15:40:22,444 : INFO : telemetry.client : Accumulated 0 events. Flush the clients.
94 : 2020-02-05 15:40:22,444 : INFO : telemetry.note : Update the last send in note to 0001-01-01 00:00:00
94 : 2020-02-05 15:40:22,444 : INFO : telemetry.note : Update the note mtime to 2020-02-05 15:40:22.444793
96 : 2020-02-08 04:10:29,001 : INFO : telemetry.main : Attempt start. Configuration directory [/home/hemanta/.azure].
96 : 2020-02-08 04:10:29,094 : INFO : telemetry.check : Returns Positive.
96 : 2020-02-08 04:10:29,094 : DEBUG : telemetry.note : acquiring lock
96 : 2020-02-08 04:10:29,094 : DEBUG : telemetry.note : acquired lock
96 : 2020-02-08 04:10:29,094 : INFO : telemetry.note : Update the note mtime to 2020-02-08 04:10:29.094936
96 : 2020-02-08 04:10:29,131 : WARNING : telemetry.note : Fail to parse or read the timestamp '1-01-01T00:00:00' in the note file. Set the last send time to minimal. Reason: time data '1-01-01T00:00:00' does not match format '%Y-%m-%dT%H:%M:%S'
96 : 2020-02-08 04:10:29,131 : INFO : telemetry.records : 1 cache files to move.
96 : 2020-02-08 04:10:29,131 : INFO : telemetry.records : Create temp folder /tmp/tmptmtkm2yj
96 : 2020-02-08 04:10:29,132 : WARNING : telemetry.records : Fail to move file from /home/hemanta/.azure/telemetry/cache.1 to /tmp/tmptmtkm2yj/cache.1. Reason: [Errno 18] Invalid cross-device link: '/home/hemanta/.azure/telemetry/cache.1' -> '/tmp/tmptmtkm2yj/cache.1'.
96 : 2020-02-08 04:10:29,132 : INFO : telemetry.records : Remove directory /tmp/tmptmtkm2yj
96 : 2020-02-08 04:10:29,132 : INFO : telemetry.client : Accumulated 0 events. Flush the clients.
96 : 2020-02-08 04:10:29,132 : INFO : telemetry.note : Update the last send in note to 0001-01-01 00:00:00
96 : 2020-02-08 04:10:29,132 : INFO : telemetry.note : Update the note mtime to 2020-02-08 04:10:29.132721
101 : 2020-02-11 03:19:52,923 : INFO : telemetry.main : Attempt start. Configuration directory [/home/hemanta/.azure].
101 : 2020-02-11 03:19:53,007 : INFO : telemetry.check : Returns Positive.
101 : 2020-02-11 03:19:53,007 : DEBUG : telemetry.note : acquiring lock
101 : 2020-02-11 03:19:53,007 : DEBUG : telemetry.note : acquired lock
101 : 2020-02-11 03:19:53,007 : INFO : telemetry.note : Update the note mtime to 2020-02-11 03:19:53.007503
101 : 2020-02-11 03:19:53,032 : WARNING : telemetry.note : Fail to parse or read the timestamp '1-01-01T00:00:00' in the note file. Set the last send time to minimal. Reason: time data '1-01-01T00:00:00' does not match format '%Y-%m-%dT%H:%M:%S'
101 : 2020-02-11 03:19:53,032 : INFO : telemetry.records : 1 cache files to move.
101 : 2020-02-11 03:19:53,033 : INFO : telemetry.records : Create temp folder /tmp/tmpumabzhy7
101 : 2020-02-11 03:19:53,033 : WARNING : telemetry.records : Fail to move file from /home/hemanta/.azure/telemetry/cache.1 to /tmp/tmpumabzhy7/cache.1. Reason: [Errno 18] Invalid cross-device link: '/home/hemanta/.azure/telemetry/cache.1' -> '/tmp/tmpumabzhy7/cache.1'.
101 : 2020-02-11 03:19:53,033 : INFO : telemetry.records : Remove directory /tmp/tmpumabzhy7
101 : 2020-02-11 03:19:53,033 : INFO : telemetry.client : Accumulated 0 events. Flush the clients.
101 : 2020-02-11 03:19:53,033 : INFO : telemetry.note : Update the last send in note to 0001-01-01 00:00:00
101 : 2020-02-11 03:19:53,034 : INFO : telemetry.note : Update the note mtime to 2020-02-11 03:19:53.034005
99 : 2020-02-11 13:03:54,755 : INFO : telemetry.main : Attempt start. Configuration directory [/home/hemanta/.azure].
99 : 2020-02-11 13:03:54,992 : INFO : telemetry.check : Returns Positive.
99 : 2020-02-11 13:03:54,992 : DEBUG : telemetry.note : acquiring lock
99 : 2020-02-11 13:03:54,993 : DEBUG : telemetry.note : acquired lock
99 : 2020-02-11 13:03:54,993 : INFO : telemetry.note : Update the note mtime to 2020-02-11 13:03:54.993180
99 : 2020-02-11 13:03:55,079 : WARNING : telemetry.note : Fail to parse or read the timestamp '1-01-01T00:00:00' in the note file. Set the last send time to minimal. Reason: time data '1-01-01T00:00:00' does not match format '%Y-%m-%dT%H:%M:%S'
99 : 2020-02-11 13:03:55,080 : INFO : telemetry.records : 1 cache files to move.
99 : 2020-02-11 13:03:55,080 : INFO : telemetry.records : Create temp folder /tmp/tmp8ma03fse
99 : 2020-02-11 13:03:55,080 : WARNING : telemetry.records : Fail to move file from /home/hemanta/.azure/telemetry/cache.1 to /tmp/tmp8ma03fse/cache.1. Reason: [Errno 18] Invalid cross-device link: '/home/hemanta/.azure/telemetry/cache.1' -> '/tmp/tmp8ma03fse/cache.1'.
99 : 2020-02-11 13:03:55,081 : INFO : telemetry.records : Remove directory /tmp/tmp8ma03fse
99 : 2020-02-11 13:03:55,081 : INFO : telemetry.client : Accumulated 0 events. Flush the clients.
99 : 2020-02-11 13:03:55,081 : INFO : telemetry.note : Update the last send in note to 0001-01-01 00:00:00
99 : 2020-02-11 13:03:55,081 : INFO : telemetry.note : Update the note mtime to 2020-02-11 13:03:55.081448
102 : 2020-02-12 03:27:45,415 : INFO : telemetry.main : Attempt start. Configuration directory [/home/hemanta/.azure].
102 : 2020-02-12 03:27:45,483 : INFO : telemetry.check : Returns Positive.
102 : 2020-02-12 03:27:45,484 : DEBUG : telemetry.note : acquiring lock
102 : 2020-02-12 03:27:45,484 : DEBUG : telemetry.note : acquired lock
102 : 2020-02-12 03:27:45,484 : INFO : telemetry.note : Update the note mtime to 2020-02-12 03:27:45.484401
102 : 2020-02-12 03:27:45,565 : WARNING : telemetry.note : Fail to parse or read the timestamp '1-01-01T00:00:00' in the note file. Set the last send time to minimal. Reason: time data '1-01-01T00:00:00' does not match format '%Y-%m-%dT%H:%M:%S'
102 : 2020-02-12 03:27:45,566 : INFO : telemetry.records : 1 cache files to move.
102 : 2020-02-12 03:27:45,566 : INFO : telemetry.records : Create temp folder /tmp/tmpiie97by9
102 : 2020-02-12 03:27:45,566 : WARNING : telemetry.records : Fail to move file from /home/hemanta/.azure/telemetry/cache.1 to /tmp/tmpiie97by9/cache.1. Reason: [Errno 18] Invalid cross-device link: '/home/hemanta/.azure/telemetry/cache.1' -> '/tmp/tmpiie97by9/cache.1'.
102 : 2020-02-12 03:27:45,566 : INFO : telemetry.records : Remove directory /tmp/tmpiie97by9
102 : 2020-02-12 03:27:45,566 : INFO : telemetry.client : Accumulated 0 events. Flush the clients.
102 : 2020-02-12 03:27:45,567 : INFO : telemetry.note : Update the last send in note to 0001-01-01 00:00:00
102 : 2020-02-12 03:27:45,567 : INFO : telemetry.note : Update the note mtime to 2020-02-12 03:27:45.567086
